Determining if the pthread_create exist failed with the following output:
Change Dir: /mnt/c/Users/ethan/OneDrive/Documents/School Fall 2021/DataStruct/Lab04/CMakeFiles/CMakeTmp

Run Build Command:"/usr/bin/make" "cmTC_57037/fast"
/usr/bin/make -f CMakeFiles/cmTC_57037.dir/build.make CMakeFiles/cmTC_57037.dir/build
make[1]: Entering directory '/mnt/c/Users/ethan/OneDrive/Documents/School Fall 2021/DataStruct/Lab04/CMakeFiles/CMakeTmp'
Building C object CMakeFiles/cmTC_57037.dir/CheckSymbolExists.c.o
/usr/bin/cc    -o CMakeFiles/cmTC_57037.dir/CheckSymbolExists.c.o   -c "/mnt/c/Users/ethan/OneDrive/Documents/School Fall 2021/DataStruct/Lab04/CMakeFiles/CMakeTmp/CheckSymbolExists.c"
Linking C executable cmTC_57037
/usr/bin/cmake -E cmake_link_script CMakeFiles/cmTC_57037.dir/link.txt --verbose=1
/usr/bin/cc      -rdynamic CMakeFiles/cmTC_57037.dir/CheckSymbolExists.c.o  -o cmTC_57037 
CMakeFiles/cmTC_57037.dir/CheckSymbolExists.c.o: In function `main':
CheckSymbolExists.c:(.text+0x1b): undefined reference to `pthread_create'
collect2: error: ld returned 1 exit status
CMakeFiles/cmTC_57037.dir/build.make:97: recipe for target 'cmTC_57037' failed
make[1]: *** [cmTC_57037] Error 1
make[1]: Leaving directory '/mnt/c/Users/ethan/OneDrive/Documents/School Fall 2021/DataStruct/Lab04/CMakeFiles/CMakeTmp'
Makefile:126: recipe for target 'cmTC_57037/fast' failed
make: *** [cmTC_57037/fast] Error 2

File /mnt/c/Users/ethan/OneDrive/Documents/School Fall 2021/DataStruct/Lab04/CMakeFiles/CMakeTmp/CheckSymbolExists.c:
/* */
#include <pthread.h>

int main(int argc, char** argv)
{
  (void)argv;
#ifndef pthread_create
  return ((int*)(&pthread_create))[argc];
#else
  (void)argc;
  return 0;
#endif
}

Determining if the function pthread_create exists in the pthreads failed with the following output:
Change Dir: /mnt/c/Users/ethan/OneDrive/Documents/School Fall 2021/DataStruct/Lab04/CMakeFiles/CMakeTmp

Run Build Command:"/usr/bin/make" "cmTC_5fccd/fast"
/usr/bin/make -f CMakeFiles/cmTC_5fccd.dir/build.make CMakeFiles/cmTC_5fccd.dir/build
make[1]: Entering directory '/mnt/c/Users/ethan/OneDrive/Documents/School Fall 2021/DataStruct/Lab04/CMakeFiles/CMakeTmp'
Building C object CMakeFiles/cmTC_5fccd.dir/CheckFunctionExists.c.o
/usr/bin/cc   -DCHECK_FUNCTION_EXISTS=pthread_create   -o CMakeFiles/cmTC_5fccd.dir/CheckFunctionExists.c.o   -c /usr/share/cmake-3.10/Modules/CheckFunctionExists.c
Linking C executable cmTC_5fccd
/usr/bin/cmake -E cmake_link_script CMakeFiles/cmTC_5fccd.dir/link.txt --verbose=1
/usr/bin/cc  -DCHECK_FUNCTION_EXISTS=pthread_create    -rdynamic CMakeFiles/cmTC_5fccd.dir/CheckFunctionExists.c.o  -o cmTC_5fccd -lpthreads 
/usr/bin/ld: cannot find -lpthreads
collect2: error: ld returned 1 exit status
CMakeFiles/cmTC_5fccd.dir/build.make:97: recipe for target 'cmTC_5fccd' failed
make[1]: *** [cmTC_5fccd] Error 1
make[1]: Leaving directory '/mnt/c/Users/ethan/OneDrive/Documents/School Fall 2021/DataStruct/Lab04/CMakeFiles/CMakeTmp'
Makefile:126: recipe for target 'cmTC_5fccd/fast' failed
make: *** [cmTC_5fccd/fast] Error 2


