Determining if the pthread_create exist failed with the following output:
Change Dir: /mnt/c/Users/ethan/OneDrive/Documents/School Fall 2021/DataStruct/Lab02/build/CMakeFiles/CMakeTmp

Run Build Command:"/usr/bin/make" "cmTC_6432c/fast"
/usr/bin/make -f CMakeFiles/cmTC_6432c.dir/build.make CMakeFiles/cmTC_6432c.dir/build
make[1]: Entering directory '/mnt/c/Users/ethan/OneDrive/Documents/School Fall 2021/DataStruct/Lab02/build/CMakeFiles/CMakeTmp'
Building C object CMakeFiles/cmTC_6432c.dir/CheckSymbolExists.c.o
/usr/bin/x86_64-linux-gnu-gcc-7    -o CMakeFiles/cmTC_6432c.dir/CheckSymbolExists.c.o   -c "/mnt/c/Users/ethan/OneDrive/Documents/School Fall 2021/DataStruct/Lab02/build/CMakeFiles/CMakeTmp/CheckSymbolExists.c"
Linking C executable cmTC_6432c
/usr/bin/cmake -E cmake_link_script CMakeFiles/cmTC_6432c.dir/link.txt --verbose=1
/usr/bin/x86_64-linux-gnu-gcc-7      -rdynamic CMakeFiles/cmTC_6432c.dir/CheckSymbolExists.c.o  -o cmTC_6432c 
CMakeFiles/cmTC_6432c.dir/CheckSymbolExists.c.o: In function `main':
CheckSymbolExists.c:(.text+0x1b): undefined reference to `pthread_create'
collect2: error: ld returned 1 exit status
CMakeFiles/cmTC_6432c.dir/build.make:97: recipe for target 'cmTC_6432c' failed
make[1]: *** [cmTC_6432c] Error 1
make[1]: Leaving directory '/mnt/c/Users/ethan/OneDrive/Documents/School Fall 2021/DataStruct/Lab02/build/CMakeFiles/CMakeTmp'
Makefile:126: recipe for target 'cmTC_6432c/fast' failed
make: *** [cmTC_6432c/fast] Error 2

File /mnt/c/Users/ethan/OneDrive/Documents/School Fall 2021/DataStruct/Lab02/build/CMakeFiles/CMakeTmp/CheckSymbolExists.c:
/* */
#include <pthread.h>

int main(int argc, char** argv)
{
  (void)argv;
#ifndef pthread_create
  return ((int*)(&pthread_create))[argc];
#else
  (void)argc;
  return 0;
#endif
}

Determining if the function pthread_create exists in the pthreads failed with the following output:
Change Dir: /mnt/c/Users/ethan/OneDrive/Documents/School Fall 2021/DataStruct/Lab02/build/CMakeFiles/CMakeTmp

Run Build Command:"/usr/bin/make" "cmTC_fea05/fast"
/usr/bin/make -f CMakeFiles/cmTC_fea05.dir/build.make CMakeFiles/cmTC_fea05.dir/build
make[1]: Entering directory '/mnt/c/Users/ethan/OneDrive/Documents/School Fall 2021/DataStruct/Lab02/build/CMakeFiles/CMakeTmp'
Building C object CMakeFiles/cmTC_fea05.dir/CheckFunctionExists.c.o
/usr/bin/x86_64-linux-gnu-gcc-7   -DCHECK_FUNCTION_EXISTS=pthread_create   -o CMakeFiles/cmTC_fea05.dir/CheckFunctionExists.c.o   -c /usr/share/cmake-3.10/Modules/CheckFunctionExists.c
Linking C executable cmTC_fea05
/usr/bin/cmake -E cmake_link_script CMakeFiles/cmTC_fea05.dir/link.txt --verbose=1
/usr/bin/x86_64-linux-gnu-gcc-7  -DCHECK_FUNCTION_EXISTS=pthread_create    -rdynamic CMakeFiles/cmTC_fea05.dir/CheckFunctionExists.c.o  -o cmTC_fea05 -lpthreads 
/usr/bin/ld: cannot find -lpthreads
collect2: error: ld returned 1 exit status
CMakeFiles/cmTC_fea05.dir/build.make:97: recipe for target 'cmTC_fea05' failed
make[1]: *** [cmTC_fea05] Error 1
make[1]: Leaving directory '/mnt/c/Users/ethan/OneDrive/Documents/School Fall 2021/DataStruct/Lab02/build/CMakeFiles/CMakeTmp'
Makefile:126: recipe for target 'cmTC_fea05/fast' failed
make: *** [cmTC_fea05/fast] Error 2


