Determining if the pthread_create exist failed with the following output:
Change Dir: /mnt/c/Users/ethan/OneDrive/Documents/School Fall 2021/DataStruct/Lab01/CMakeFiles/CMakeTmp

Run Build Command:"/usr/bin/make" "cmTC_716af/fast"
/usr/bin/make -f CMakeFiles/cmTC_716af.dir/build.make CMakeFiles/cmTC_716af.dir/build
make[1]: Entering directory '/mnt/c/Users/ethan/OneDrive/Documents/School Fall 2021/DataStruct/Lab01/CMakeFiles/CMakeTmp'
Building C object CMakeFiles/cmTC_716af.dir/CheckSymbolExists.c.o
/usr/bin/cc    -o CMakeFiles/cmTC_716af.dir/CheckSymbolExists.c.o   -c "/mnt/c/Users/ethan/OneDrive/Documents/School Fall 2021/DataStruct/Lab01/CMakeFiles/CMakeTmp/CheckSymbolExists.c"
Linking C executable cmTC_716af
/usr/bin/cmake -E cmake_link_script CMakeFiles/cmTC_716af.dir/link.txt --verbose=1
/usr/bin/cc      -rdynamic CMakeFiles/cmTC_716af.dir/CheckSymbolExists.c.o  -o cmTC_716af 
CMakeFiles/cmTC_716af.dir/CheckSymbolExists.c.o: In function `main':
CheckSymbolExists.c:(.text+0x1b): undefined reference to `pthread_create'
collect2: error: ld returned 1 exit status
CMakeFiles/cmTC_716af.dir/build.make:97: recipe for target 'cmTC_716af' failed
make[1]: *** [cmTC_716af] Error 1
make[1]: Leaving directory '/mnt/c/Users/ethan/OneDrive/Documents/School Fall 2021/DataStruct/Lab01/CMakeFiles/CMakeTmp'
Makefile:126: recipe for target 'cmTC_716af/fast' failed
make: *** [cmTC_716af/fast] Error 2

File /mnt/c/Users/ethan/OneDrive/Documents/School Fall 2021/DataStruct/Lab01/CMakeFiles/CMakeTmp/CheckSymbolExists.c:
/* */
#include <pthread.h>

int main(int argc, char** argv)
{
  (void)argv;
#ifndef pthread_create
  return ((int*)(&pthread_create))[argc];
#else
  (void)argc;
  return 0;
#endif
}

Determining if the function pthread_create exists in the pthreads failed with the following output:
Change Dir: /mnt/c/Users/ethan/OneDrive/Documents/School Fall 2021/DataStruct/Lab01/CMakeFiles/CMakeTmp

Run Build Command:"/usr/bin/make" "cmTC_b96b8/fast"
/usr/bin/make -f CMakeFiles/cmTC_b96b8.dir/build.make CMakeFiles/cmTC_b96b8.dir/build
make[1]: Entering directory '/mnt/c/Users/ethan/OneDrive/Documents/School Fall 2021/DataStruct/Lab01/CMakeFiles/CMakeTmp'
Building C object CMakeFiles/cmTC_b96b8.dir/CheckFunctionExists.c.o
/usr/bin/cc   -DCHECK_FUNCTION_EXISTS=pthread_create   -o CMakeFiles/cmTC_b96b8.dir/CheckFunctionExists.c.o   -c /usr/share/cmake-3.10/Modules/CheckFunctionExists.c
Linking C executable cmTC_b96b8
/usr/bin/cmake -E cmake_link_script CMakeFiles/cmTC_b96b8.dir/link.txt --verbose=1
/usr/bin/cc  -DCHECK_FUNCTION_EXISTS=pthread_create    -rdynamic CMakeFiles/cmTC_b96b8.dir/CheckFunctionExists.c.o  -o cmTC_b96b8 -lpthreads 
/usr/bin/ld: cannot find -lpthreads
collect2: error: ld returned 1 exit status
CMakeFiles/cmTC_b96b8.dir/build.make:97: recipe for target 'cmTC_b96b8' failed
make[1]: *** [cmTC_b96b8] Error 1
make[1]: Leaving directory '/mnt/c/Users/ethan/OneDrive/Documents/School Fall 2021/DataStruct/Lab01/CMakeFiles/CMakeTmp'
Makefile:126: recipe for target 'cmTC_b96b8/fast' failed
make: *** [cmTC_b96b8/fast] Error 2


Performing C SOURCE FILE Test CMAKE_HAVE_LIBC_PTHREAD failed with the following output:
Change Dir: /home/jem/DataStruct/Lab01/CMakeFiles/CMakeTmp

Run Build Command(s):/usr/bin/make cmTC_ca8cb/fast && /usr/bin/make -f CMakeFiles/cmTC_ca8cb.dir/build.make CMakeFiles/cmTC_ca8cb.dir/build
make[1]: Entering directory '/home/jem/DataStruct/Lab01/CMakeFiles/CMakeTmp'
Building C object CMakeFiles/cmTC_ca8cb.dir/src.c.o
/usr/bin/cc   -DCMAKE_HAVE_LIBC_PTHREAD   -o CMakeFiles/cmTC_ca8cb.dir/src.c.o   -c /home/jem/DataStruct/Lab01/CMakeFiles/CMakeTmp/src.c
Linking C executable cmTC_ca8cb
/usr/bin/cmake -E cmake_link_script CMakeFiles/cmTC_ca8cb.dir/link.txt --verbose=1
/usr/bin/cc  -DCMAKE_HAVE_LIBC_PTHREAD    -rdynamic CMakeFiles/cmTC_ca8cb.dir/src.c.o  -o cmTC_ca8cb 
/usr/bin/ld: CMakeFiles/cmTC_ca8cb.dir/src.c.o: in function `main':
src.c:(.text+0x46): undefined reference to `pthread_create'
/usr/bin/ld: src.c:(.text+0x52): undefined reference to `pthread_detach'
/usr/bin/ld: src.c:(.text+0x63): undefined reference to `pthread_join'
collect2: error: ld returned 1 exit status
make[1]: *** [CMakeFiles/cmTC_ca8cb.dir/build.make:87: cmTC_ca8cb] Error 1
make[1]: Leaving directory '/home/jem/DataStruct/Lab01/CMakeFiles/CMakeTmp'
make: *** [Makefile:121: cmTC_ca8cb/fast] Error 2


Source file was:
#include <pthread.h>

void* test_func(void* data)
{
  return data;
}

int main(void)
{
  pthread_t thread;
  pthread_create(&thread, NULL, test_func, NULL);
  pthread_detach(thread);
  pthread_join(thread, NULL);
  pthread_atfork(NULL, NULL, NULL);
  pthread_exit(NULL);

  return 0;
}

Determining if the function pthread_create exists in the pthreads failed with the following output:
Change Dir: /home/jem/DataStruct/Lab01/CMakeFiles/CMakeTmp

Run Build Command(s):/usr/bin/make cmTC_b734c/fast && /usr/bin/make -f CMakeFiles/cmTC_b734c.dir/build.make CMakeFiles/cmTC_b734c.dir/build
make[1]: Entering directory '/home/jem/DataStruct/Lab01/CMakeFiles/CMakeTmp'
Building C object CMakeFiles/cmTC_b734c.dir/CheckFunctionExists.c.o
/usr/bin/cc   -DCHECK_FUNCTION_EXISTS=pthread_create   -o CMakeFiles/cmTC_b734c.dir/CheckFunctionExists.c.o   -c /usr/share/cmake-3.16/Modules/CheckFunctionExists.c
Linking C executable cmTC_b734c
/usr/bin/cmake -E cmake_link_script CMakeFiles/cmTC_b734c.dir/link.txt --verbose=1
/usr/bin/cc  -DCHECK_FUNCTION_EXISTS=pthread_create    -rdynamic CMakeFiles/cmTC_b734c.dir/CheckFunctionExists.c.o  -o cmTC_b734c  -lpthreads 
/usr/bin/ld: cannot find -lpthreads
collect2: error: ld returned 1 exit status
make[1]: *** [CMakeFiles/cmTC_b734c.dir/build.make:87: cmTC_b734c] Error 1
make[1]: Leaving directory '/home/jem/DataStruct/Lab01/CMakeFiles/CMakeTmp'
make: *** [Makefile:121: cmTC_b734c/fast] Error 2



