Determining if the pthread_create exist failed with the following output:
Change Dir: /mnt/c/Users/ethan/OneDrive/Documents/School Fall 2021/DataStruct/Lab05/build/CMakeFiles/CMakeTmp

Run Build Command:"/usr/bin/make" "cmTC_cc859/fast"
/usr/bin/make -f CMakeFiles/cmTC_cc859.dir/build.make CMakeFiles/cmTC_cc859.dir/build
make[1]: Entering directory '/mnt/c/Users/ethan/OneDrive/Documents/School Fall 2021/DataStruct/Lab05/build/CMakeFiles/CMakeTmp'
Building C object CMakeFiles/cmTC_cc859.dir/CheckSymbolExists.c.o
/usr/bin/x86_64-linux-gnu-gcc-7    -o CMakeFiles/cmTC_cc859.dir/CheckSymbolExists.c.o   -c "/mnt/c/Users/ethan/OneDrive/Documents/School Fall 2021/DataStruct/Lab05/build/CMakeFiles/CMakeTmp/CheckSymbolExists.c"
Linking C executable cmTC_cc859
/usr/bin/cmake -E cmake_link_script CMakeFiles/cmTC_cc859.dir/link.txt --verbose=1
/usr/bin/x86_64-linux-gnu-gcc-7      -rdynamic CMakeFiles/cmTC_cc859.dir/CheckSymbolExists.c.o  -o cmTC_cc859 
CMakeFiles/cmTC_cc859.dir/CheckSymbolExists.c.o: In function `main':
CheckSymbolExists.c:(.text+0x1b): undefined reference to `pthread_create'
collect2: error: ld returned 1 exit status
CMakeFiles/cmTC_cc859.dir/build.make:97: recipe for target 'cmTC_cc859' failed
make[1]: *** [cmTC_cc859] Error 1
make[1]: Leaving directory '/mnt/c/Users/ethan/OneDrive/Documents/School Fall 2021/DataStruct/Lab05/build/CMakeFiles/CMakeTmp'
Makefile:126: recipe for target 'cmTC_cc859/fast' failed
make: *** [cmTC_cc859/fast] Error 2

File /mnt/c/Users/ethan/OneDrive/Documents/School Fall 2021/DataStruct/Lab05/build/CMakeFiles/CMakeTmp/CheckSymbolExists.c:
/* */
#include <pthread.h>

int main(int argc, char** argv)
{
  (void)argv;
#ifndef pthread_create
  return ((int*)(&pthread_create))[argc];
#else
  (void)argc;
  return 0;
#endif
}

Determining if the function pthread_create exists in the pthreads failed with the following output:
Change Dir: /mnt/c/Users/ethan/OneDrive/Documents/School Fall 2021/DataStruct/Lab05/build/CMakeFiles/CMakeTmp

Run Build Command:"/usr/bin/make" "cmTC_eeeec/fast"
/usr/bin/make -f CMakeFiles/cmTC_eeeec.dir/build.make CMakeFiles/cmTC_eeeec.dir/build
make[1]: Entering directory '/mnt/c/Users/ethan/OneDrive/Documents/School Fall 2021/DataStruct/Lab05/build/CMakeFiles/CMakeTmp'
Building C object CMakeFiles/cmTC_eeeec.dir/CheckFunctionExists.c.o
/usr/bin/x86_64-linux-gnu-gcc-7   -DCHECK_FUNCTION_EXISTS=pthread_create   -o CMakeFiles/cmTC_eeeec.dir/CheckFunctionExists.c.o   -c /usr/share/cmake-3.10/Modules/CheckFunctionExists.c
Linking C executable cmTC_eeeec
/usr/bin/cmake -E cmake_link_script CMakeFiles/cmTC_eeeec.dir/link.txt --verbose=1
/usr/bin/x86_64-linux-gnu-gcc-7  -DCHECK_FUNCTION_EXISTS=pthread_create    -rdynamic CMakeFiles/cmTC_eeeec.dir/CheckFunctionExists.c.o  -o cmTC_eeeec -lpthreads 
/usr/bin/ld: cannot find -lpthreads
collect2: error: ld returned 1 exit status
CMakeFiles/cmTC_eeeec.dir/build.make:97: recipe for target 'cmTC_eeeec' failed
make[1]: *** [cmTC_eeeec] Error 1
make[1]: Leaving directory '/mnt/c/Users/ethan/OneDrive/Documents/School Fall 2021/DataStruct/Lab05/build/CMakeFiles/CMakeTmp'
Makefile:126: recipe for target 'cmTC_eeeec/fast' failed
make: *** [cmTC_eeeec/fast] Error 2


