Determining if the pthread_create exist failed with the following output:
Change Dir: /mnt/c/Users/ethan/DataStruct/Lab00/firstProject/build/CMakeFiles/CMakeTmp

Run Build Command:"/usr/bin/make" "cmTC_af058/fast"
/usr/bin/make -f CMakeFiles/cmTC_af058.dir/build.make CMakeFiles/cmTC_af058.dir/build
make[1]: Entering directory '/mnt/c/Users/ethan/DataStruct/Lab00/firstProject/build/CMakeFiles/CMakeTmp'
Building C object CMakeFiles/cmTC_af058.dir/CheckSymbolExists.c.o
/usr/bin/x86_64-linux-gnu-gcc-7    -o CMakeFiles/cmTC_af058.dir/CheckSymbolExists.c.o   -c /mnt/c/Users/ethan/DataStruct/Lab00/firstProject/build/CMakeFiles/CMakeTmp/CheckSymbolExists.c
Linking C executable cmTC_af058
/usr/bin/cmake -E cmake_link_script CMakeFiles/cmTC_af058.dir/link.txt --verbose=1
/usr/bin/x86_64-linux-gnu-gcc-7      -rdynamic CMakeFiles/cmTC_af058.dir/CheckSymbolExists.c.o  -o cmTC_af058 
CMakeFiles/cmTC_af058.dir/CheckSymbolExists.c.o: In function `main':
CheckSymbolExists.c:(.text+0x1b): undefined reference to `pthread_create'
collect2: error: ld returned 1 exit status
CMakeFiles/cmTC_af058.dir/build.make:97: recipe for target 'cmTC_af058' failed
make[1]: *** [cmTC_af058] Error 1
make[1]: Leaving directory '/mnt/c/Users/ethan/DataStruct/Lab00/firstProject/build/CMakeFiles/CMakeTmp'
Makefile:126: recipe for target 'cmTC_af058/fast' failed
make: *** [cmTC_af058/fast] Error 2

File /mnt/c/Users/ethan/DataStruct/Lab00/firstProject/build/CMakeFiles/CMakeTmp/CheckSymbolExists.c:
/* */
#include <pthread.h>

int main(int argc, char** argv)
{
  (void)argv;
#ifndef pthread_create
  return ((int*)(&pthread_create))[argc];
#else
  (void)argc;
  return 0;
#endif
}

Determining if the function pthread_create exists in the pthreads failed with the following output:
Change Dir: /mnt/c/Users/ethan/DataStruct/Lab00/firstProject/build/CMakeFiles/CMakeTmp

Run Build Command:"/usr/bin/make" "cmTC_e6d6b/fast"
/usr/bin/make -f CMakeFiles/cmTC_e6d6b.dir/build.make CMakeFiles/cmTC_e6d6b.dir/build
make[1]: Entering directory '/mnt/c/Users/ethan/DataStruct/Lab00/firstProject/build/CMakeFiles/CMakeTmp'
Building C object CMakeFiles/cmTC_e6d6b.dir/CheckFunctionExists.c.o
/usr/bin/x86_64-linux-gnu-gcc-7   -DCHECK_FUNCTION_EXISTS=pthread_create   -o CMakeFiles/cmTC_e6d6b.dir/CheckFunctionExists.c.o   -c /usr/share/cmake-3.10/Modules/CheckFunctionExists.c
Linking C executable cmTC_e6d6b
/usr/bin/cmake -E cmake_link_script CMakeFiles/cmTC_e6d6b.dir/link.txt --verbose=1
/usr/bin/x86_64-linux-gnu-gcc-7  -DCHECK_FUNCTION_EXISTS=pthread_create    -rdynamic CMakeFiles/cmTC_e6d6b.dir/CheckFunctionExists.c.o  -o cmTC_e6d6b -lpthreads 
/usr/bin/ld: cannot find -lpthreads
collect2: error: ld returned 1 exit status
CMakeFiles/cmTC_e6d6b.dir/build.make:97: recipe for target 'cmTC_e6d6b' failed
make[1]: *** [cmTC_e6d6b] Error 1
make[1]: Leaving directory '/mnt/c/Users/ethan/DataStruct/Lab00/firstProject/build/CMakeFiles/CMakeTmp'
Makefile:126: recipe for target 'cmTC_e6d6b/fast' failed
make: *** [cmTC_e6d6b/fast] Error 2


